        -:    0:Source:C:/high-side-switch/src/corelib/hss-shield.hpp
        -:    0:Graph:C:\high-side-switch\build\CMakeFiles\high-side-switch.dir\src\corelib/hss-bts700xShield.gcno
        -:    0:Data:C:\high-side-switch\build\CMakeFiles\high-side-switch.dir\src\corelib/hss-bts700xShield.gcda
        -:    0:Runs:2
        -:    0:Programs:2
        -:    1:/**
        -:    2: * @file        hss-shield.hpp
        -:    3: * @brief       Definition of the High-Side-Switch-Shield class
        -:    4: * @copyright   Copyright (c) 2021 Infineon Technologies AG
        -:    5: *
        -:    6: * SPDX-License-Identifier: MIT
        -:    7: */
        -:    8:
        -:    9:#ifndef HSS_SHIELD_HPP_
        -:   10:#define HSS_SHIELD_HPP_
        -:   11:
        -:   12:#include "hss-types.hpp"
        -:   13:#include <stdint.h>
        -:   14:
        -:   15:using namespace hss;
        -:   16:
        -:   17:/**
        -:   18: * @addtogroup hssCorelib
        -:   19: * @{
        -:   20: */
        -:   21:
        -:   22:/**
        -:   23: * @brief High-Side-Switch-Board Class
        -:   24: * This class is the base class for the PROFET-Shield with all it's functions.
        -:   25: */
        -:   26:
        -:   27:class HssShield
        -:   28:{
        -:   29:    public:
        -:   30:        
function _ZN9HssShieldD2Ev called 196 returned 100% blocks executed 100%
      196:   31:        virtual             ~HssShield(){};
        -:   32:        virtual Error_t      init()   = 0;
        -:   33:        virtual Error_t      deinit() = 0;
        -:   34:        virtual Error_t      switchHxOn (uint8_t x) = 0;
        -:   35:        virtual Error_t      switchHxOff(uint8_t x) = 0;
        -:   36:        virtual DiagStatus_t readDiagx  (uint8_t x) = 0;
        -:   37:        virtual float        readIsx    (uint8_t x) = 0;
        -:   38:};
        -:   39:
        -:   40:/** @} */
        -:   41:
        -:   42:#endif /** HSS_SHIELD_HPP_ **/
