<?xml version="1.0" encoding="UTF-8"?>
<Site BuildName="(empty)"
	BuildStamp="20200227-1626-Experimental"
	Name="(empty)"
	Generator="ctest-3.15.2"
	CompilerName=""
	CompilerVersion=""
	OSName="Windows"
	Hostname="ISCNR90QA317"
	OSRelease=" Professional"
	OSVersion=" (Build 17134)"
	OSPlatform="AMD64"
	Is64Bits="1"
	VendorString="GenuineIntel"
	VendorID="Intel Corporation"
	FamilyID="6"
	ModelID="14"
	ProcessorCacheSize="-1"
	NumberOfLogicalCPU="4"
	NumberOfPhysicalCPU="2"
	TotalVirtualMemory="18622"
	TotalPhysicalMemory="16190"
	LogicalProcessorsPerPhysical="2"
	ProcessorClockFrequency="2711"
	>
	<Testing>
		<StartDateTime>Feb 27 17:26 W. Europe Standard Time</StartDateTime>
		<StartTestTime>1582820815</StartTestTime>
		<TestList>
			<Test>./test/high-side-switch-test</Test>
		</TestList>
		<Test Status="failed">
			<Name>high-side-switch-test</Name>
			<Path>./test</Path>
			<FullName>./test/high-side-switch-test</FullName>
			<FullCommandLine>C:\Users\jaumann\Documents\Arduino\libraries\high-side-switch\build\test\high-side-switch-test.exe</FullCommandLine>
			<Results>
				<NamedMeasurement type="text/string" name="Exit Code">
					<Value>Failed</Value>
				</NamedMeasurement>
				<NamedMeasurement type="text/string" name="Exit Value">
					<Value>1</Value>
				</NamedMeasurement>
				<NamedMeasurement type="numeric/double" name="Execution Time">
					<Value>1.43237</Value>
				</NamedMeasurement>
				<NamedMeasurement type="numeric/double" name="Processors">
					<Value>1</Value>
				</NamedMeasurement>
				<NamedMeasurement type="text/string" name="Completion Status">
					<Value>Completed</Value>
				</NamedMeasurement>
				<NamedMeasurement type="text/string" name="Command Line">
					<Value>C:\Users\jaumann\Documents\Arduino\libraries\high-side-switch\build\test\high-side-switch-test.exe</Value>
				</NamedMeasurement>
				<Measurement>
					<Value encoding="base64" compression="gzip">eJylkVFrwjAQx9/zKe7RwloU3wp7cFM3YQyxjj1YGTE9m2xp4nKJbt9+thVRQRB2Txfuf7n/724WjFGmhIor04lg7WwFj2n+Rugo/+Sh4sbkQytChcZTPnBFUMbmWq0cdwopl6qUMakCY9opL2ReWltq9Ej+NCUn8rLOPupJiRBscX+MJcwONnpQa1obh5yC8piwRXyMJTxpu+K6raPZKmdN7Q8IfRw2F+LTP5+zrHE5mE7YAmZvr9DE8rSQCIni6wFLZdj/VtGQN9CXpURsNmm/n8KYKx0cstHPBoXHAvA7cK38L9g1eImEsOU6IKUMQNKhe1Wb60Ss9v4ulZCgKIXe/t3dY8F4MHkZDa9jQacLFUU3ranVgree64jddgaP3MWF3ZnzI187LjhukvM5e4jpIMtaiG6jpeQcrf3hDrSiem8r1HaX3kLP2L73IJqPsjn7A8Pq+78=</Value>
				</Measurement>
			</Results>
		</Test>
		<EndDateTime>Feb 27 17:26 W. Europe Standard Time</EndDateTime>
		<EndTestTime>1582820816</EndTestTime>
		<ElapsedMinutes>0</ElapsedMinutes>
	</Testing>
</Site>
